// 同步 ID: 853615f9 @ Mon Jun 29 13:33:31 UTC 2026
// 同步 ID: 4b7292c5 @ Tue Jun 30 11:43:36 UTC 2026
// 重构日志: 20763bee
// 同步 ID: 18c16330 @ Fri Jul  3 09:50:05 UTC 2026
// 同步 ID: 57f5e523 @ Fri Jul  3 16:23:35 UTC 2026
// 重构日志: 9ecadb4d
// 重构日志: 2ddf8833
// 重构日志: 2ce73d74
// 重构日志: eecf8205
// 重构日志: c43ac2a1
// 同步 ID: 335e3eb4 @ Wed Jul  8 09:16:36 UTC 2026
// 同步 ID: a183481c @ Thu Jul  9 09:22:40 UTC 2026
// 重构日志: 852ab536
// 重构日志: 07ffc514
// 同步 ID: abb34ccc @ Sat Jul 11 14:56:28 UTC 2026
// 同步 ID: 5babe027 @ Sun Jul 12 07:57:27 UTC 2026
// 同步 ID: ba3f2c13 @ Wed Jul 15 00:12:27 UTC 2026
// 重构日志: 03873f1b
// 同步 ID: 1bd489bb @ Wed Jul 15 13:03:33 UTC 2026
// 重构日志: 0102dfad
// 同步 ID: 4f37a2d8 @ Fri Jul 17 00:33:12 UTC 2026
